Mar 02, 2015 8:39:22 PM client.main.Catan d
INFO: Catan Client started at 2015-03-02_20-39-22.
Mar 02, 2015 8:39:52 PM cy a
WARNING: Polling failed.
hd: Cannot have a negative number of development cards.
	at gz.<init>(Unknown Source)
	at he.d(Unknown Source)
	at he.b(Unknown Source)
	at he.a(Unknown Source)
	at he.a(Unknown Source)
	at cy.a(Unknown Source)
	at bp.a(Unknown Source)
	at aQ.a(Unknown Source)
	at ba.actionPerformed(Unknown Source)
	at javax.swing.AbstractButton.fireActionPerformed(AbstractButton.java:2022)
	at javax.swing.AbstractButton$Handler.actionPerformed(AbstractButton.java:2346)
	at javax.swing.DefaultButtonModel.fireActionPerformed(DefaultButtonModel.java:402)
	at javax.swing.DefaultButtonModel.setPressed(DefaultButtonModel.java:259)
	at javax.swing.plaf.basic.BasicButtonListener.mouseReleased(BasicButtonListener.java:252)
	at java.awt.Component.processMouseEvent(Component.java:6527)
	at javax.swing.JComponent.processMouseEvent(JComponent.java:3321)
	at java.awt.Component.processEvent(Component.java:6292)
	at java.awt.Container.processEvent(Container.java:2234)
	at java.awt.Component.dispatchEventImpl(Component.java:4883)
	at java.awt.Container.dispatchEventImpl(Container.java:2292)
	at java.awt.Component.dispatchEvent(Component.java:4705)
	at java.awt.LightweightDispatcher.retargetMouseEvent(Container.java:4898)
	at java.awt.LightweightDispatcher.processMouseEvent(Container.java:4533)
	at java.awt.LightweightDispatcher.dispatchEvent(Container.java:4462)
	at java.awt.Container.dispatchEventImpl(Container.java:2278)
	at java.awt.Window.dispatchEventImpl(Window.java:2739)
	at java.awt.Component.dispatchEvent(Component.java:4705)
	at java.awt.EventQueue.dispatchEventImpl(EventQueue.java:746)
	at java.awt.EventQueue.access$400(EventQueue.java:97)
	at java.awt.EventQueue$3.run(EventQueue.java:697)
	at java.awt.EventQueue$3.run(EventQueue.java:691)
	at java.security.AccessController.doPrivileged(Native Method)
	at java.security.ProtectionDomain$1.doIntersectionPrivilege(ProtectionDomain.java:75)
	at java.security.ProtectionDomain$1.doIntersectionPrivilege(ProtectionDomain.java:86)
	at java.awt.EventQueue$4.run(EventQueue.java:719)
	at java.awt.EventQueue$4.run(EventQueue.java:717)
	at java.security.AccessController.doPrivileged(Native Method)
	at java.security.ProtectionDomain$1.doIntersectionPrivilege(ProtectionDomain.java:75)
	at java.awt.EventQueue.dispatchEvent(EventQueue.java:716)
	at java.awt.EventDispatchThread.pumpOneEventForFilters(EventDispatchThread.java:201)
	at java.awt.EventDispatchThread.pumpEventsForFilter(EventDispatchThread.java:116)
	at java.awt.EventDispatchThread.pumpEventsForHierarchy(EventDispatchThread.java:105)
	at java.awt.EventDispatchThread.pumpEvents(EventDispatchThread.java:101)
	at java.awt.EventDispatchThread.pumpEvents(EventDispatchThread.java:93)
	at java.awt.EventDispatchThread.run(EventDispatchThread.java:82)

Mar 02, 2015 8:39:55 PM cy a
WARNING: Polling failed.
hd: Cannot have a negative number of development cards.
	at gz.<init>(Unknown Source)
	at he.d(Unknown Source)
	at he.b(Unknown Source)
	at he.a(Unknown Source)
	at he.a(Unknown Source)
	at cy.a(Unknown Source)
	at cz.actionPerformed(Unknown Source)
	at javax.swing.Timer.fireActionPerformed(Timer.java:313)
	at javax.swing.Timer$DoPostEvent.run(Timer.java:245)
	at java.awt.event.InvocationEvent.dispatch(InvocationEvent.java:311)
	at java.awt.EventQueue.dispatchEventImpl(EventQueue.java:744)
	at java.awt.EventQueue.access$400(EventQueue.java:97)
	at java.awt.EventQueue$3.run(EventQueue.java:697)
	at java.awt.EventQueue$3.run(EventQueue.java:691)
	at java.security.AccessController.doPrivileged(Native Method)
	at java.security.ProtectionDomain$1.doIntersectionPrivilege(ProtectionDomain.java:75)
	at java.awt.EventQueue.dispatchEvent(EventQueue.java:714)
	at java.awt.EventDispatchThread.pumpOneEventForFilters(EventDispatchThread.java:201)
	at java.awt.EventDispatchThread.pumpEventsForFilter(EventDispatchThread.java:116)
	at java.awt.EventDispatchThread.pumpEventsForHierarchy(EventDispatchThread.java:105)
	at java.awt.EventDispatchThread.pumpEvents(EventDispatchThread.java:101)
	at java.awt.EventDispatchThread.pumpEvents(EventDispatchThread.java:93)
	at java.awt.EventDispatchThread.run(EventDispatchThread.java:82)

Mar 02, 2015 8:39:58 PM cy a
WARNING: Polling failed.
hd: Cannot have a negative number of development cards.
	at gz.<init>(Unknown Source)
	at he.d(Unknown Source)
	at he.b(Unknown Source)
	at he.a(Unknown Source)
	at he.a(Unknown Source)
	at cy.a(Unknown Source)
	at cz.actionPerformed(Unknown Source)
	at javax.swing.Timer.fireActionPerformed(Timer.java:313)
	at javax.swing.Timer$DoPostEvent.run(Timer.java:245)
	at java.awt.event.InvocationEvent.dispatch(InvocationEvent.java:311)
	at java.awt.EventQueue.dispatchEventImpl(EventQueue.java:744)
	at java.awt.EventQueue.access$400(EventQueue.java:97)
	at java.awt.EventQueue$3.run(EventQueue.java:697)
	at java.awt.EventQueue$3.run(EventQueue.java:691)
	at java.security.AccessController.doPrivileged(Native Method)
	at java.security.ProtectionDomain$1.doIntersectionPrivilege(ProtectionDomain.java:75)
	at java.awt.EventQueue.dispatchEvent(EventQueue.java:714)
	at java.awt.EventDispatchThread.pumpOneEventForFilters(EventDispatchThread.java:201)
	at java.awt.EventDispatchThread.pumpEventsForFilter(EventDispatchThread.java:116)
	at java.awt.EventDispatchThread.pumpEventsForHierarchy(EventDispatchThread.java:105)
	at java.awt.EventDispatchThread.pumpEvents(EventDispatchThread.java:101)
	at java.awt.EventDispatchThread.pumpEvents(EventDispatchThread.java:93)
	at java.awt.EventDispatchThread.run(EventDispatchThread.java:82)

